zo jan 24 20:50:35 CET 2016      script started.
zo jan 24 20:50:35 CET 2016      logged in user "" found
zo jan 24 20:50:43 CET 2016      Poweroff canceled
zo jan 24 21:22:12 CET 2016      script started.
zo jan 24 21:22:12 CET 2016      logged in user "" found
zo jan 24 21:22:15 CET 2016      Poweroff canceled
zo jan 24 21:23:07 CET 2016      script started.
zo jan 24 21:23:07 CET 2016      logged in user "" found
zo jan 24 21:23:13 CET 2016      Poweroff canceled
zo jan 24 21:23:33 CET 2016      script started.
zo jan 24 21:23:33 CET 2016      logged in user "koen" found
zo jan 24 21:23:42 CET 2016      Poweroff canceled
zo jan 24 21:27:21 CET 2016      script started.
zo jan 24 21:27:21 CET 2016      logged in user "koen" found
zo jan 24 21:27:34 CET 2016      Powering down system
do jan 28 18:52:06 CET 2016      script started.
do jan 28 18:52:06 CET 2016      logged in user "koen" found
do jan 28 18:52:15 CET 2016      Poweroff canceled
Don Jan 28 22:44:23 CET 2016      script started.
Don Jan 28 22:44:23 CET 2016      logged in user "whitespace" found
Don Jan 28 22:44:23 CET 2016      Poweroff canceled by local user
Don Jan 28 22:44:37 CET 2016      script started.
Don Jan 28 22:44:37 CET 2016      logged in user "whitespace" found
Don Jan 28 22:44:39 CET 2016      Poweroff canceled by local user
Don Jan 28 22:46:30 CET 2016      script started.
Don Jan 28 22:46:30 CET 2016      logged in user "whitespace" found
Don Jan 28 22:46:50 CET 2016      Poweroff canceled by SpaceControl
Don Jan 28 22:47:03 CET 2016      script started.
Don Jan 28 22:47:03 CET 2016      logged in user "whitespace" found
Don Jan 28 22:47:04 CET 2016      Poweroff canceled by local user
Don Jan 28 22:55:52 CET 2016      script started.
Don Jan 28 22:55:52 CET 2016      logged in user "whitespace" found
Don Jan 28 22:55:54 CET 2016      Poweroff canceled by local user
do jan 28 23:03:06 CET 2016      script started.
do jan 28 23:03:06 CET 2016      logged in user "koen" found
do jan 28 23:03:07 CET 2016      Poweroff canceled by local user
do jan 28 23:04:42 CET 2016      script started.
do jan 28 23:04:42 CET 2016      logged in user "koen" found
do jan 28 23:04:53 CET 2016      Poweroff canceled by local user
do jan 28 23:04:56 CET 2016      script started.
do jan 28 23:04:56 CET 2016      logged in user "koen" found
do jan 28 23:05:04 CET 2016      Poweroff canceled by local user
Don Jan 28 23:37:47 CET 2016      script started.
Don Jan 28 23:37:47 CET 2016      logged in user "whitespace" found
Don Jan 28 23:37:57 CET 2016      Poweroff canceled by local user
Don Jan 28 23:50:35 CET 2016      script started.
Don Jan 28 23:50:35 CET 2016      logged in user "whitespace" found
Don Jan 28 23:50:51 CET 2016      Poweroff canceled by local user
Fre Jan 29 00:19:45 CET 2016      script started.
Fre Jan 29 00:19:45 CET 2016      logged in user "whitespace" found
Fre Jan 29 00:19:50 CET 2016      Poweroff canceled by local user
Fre Jan 29 00:22:15 CET 2016      script started.
Fre Jan 29 00:22:15 CET 2016      logged in user "whitespace" found
Fre Jan 29 00:22:21 CET 2016      Poweroff canceled by local user
Fre Jan 29 00:23:28 CET 2016      script started.
Fre Jan 29 00:23:28 CET 2016      logged in user "whitespace" found
Fre Jan 29 00:23:33 CET 2016      Poweroff canceled by local user
Fre Jan 29 00:25:47 CET 2016      script started.
Fre Jan 29 00:25:47 CET 2016      logged in user "whitespace" found
Fre Jan 29 00:26:07 CET 2016      Poweroff canceled by SpaceControl
Fre Jan 29 00:26:29 CET 2016      script started.
Fre Jan 29 00:26:29 CET 2016      logged in user "whitespace" found
Fre Jan 29 00:26:49 CET 2016      Poweroff canceled by SpaceControl
Fre Jan 29 00:27:06 CET 2016      script started.
Fre Jan 29 00:27:06 CET 2016      logged in user "whitespace" found
Fre Jan 29 00:27:26 CET 2016      Powering down system
Fre Jan 29 00:40:08 CET 2016      script started.
Fre Jan 29 00:40:08 CET 2016      logged in user "whitespace" found
Fre Jan 29 00:40:09 CET 2016      Poweroff canceled by local user
Fre Jan 29 01:01:14 CET 2016      script started.
Fre Jan 29 01:01:14 CET 2016      logged in user "whitespace" found
Fre Jan 29 01:01:24 CET 2016      Poweroff canceled by local user
Fre Jan 29 01:03:13 CET 2016      script started.
Fre Jan 29 01:03:13 CET 2016      logged in user "whitespace" found
Fre Jan 29 01:03:19 CET 2016      Poweroff canceled by local user
Fre Jan 29 01:05:39 CET 2016      script started.
Fre Jan 29 01:05:39 CET 2016      logged in user "whitespace" found
Fre Jan 29 01:05:44 CET 2016      Poweroff canceled by local user
Fre Jan 29 01:06:34 CET 2016      script started.
Fre Jan 29 01:06:34 CET 2016      logged in user "whitespace" found
Fre Jan 29 01:06:54 CET 2016      Poweroff canceled by SpaceControl
